<?xml version="1.0" encoding="UTF-8"?>
<robot generator="Robot 3.2.1 (Python 3.8.2 on win32)" generated="20200628 12:17:32.965" rpa="false">
<suite id="s1" name="InlineVariables" source="C:\development\robot-scripts\robot-framework-testautomationu\Tests\Chapter7\InlineVariables.robot">
<test id="s1-t1" name="Using Inline Variables">
<kw name="Log To Console" library="BuiltIn">
<doc>Logs the given message to the console.</doc>
<arguments>
<arg>My Name is Srinivas. I am Software Tester. I am from Bangalore.</arg>
</arguments>
<status status="PASS" starttime="20200628 12:17:33.007" endtime="20200628 12:17:33.007"></status>
</kw>
<kw name="Set Variable" library="BuiltIn">
<doc>Returns the given values which can then be assigned to a variables.</doc>
<arguments>
<arg>Srinivas</arg>
</arguments>
<assign>
<var>${name}</var>
</assign>
<msg timestamp="20200628 12:17:33.008" level="INFO">${name} = Srinivas</msg>
<status status="PASS" starttime="20200628 12:17:33.008" endtime="20200628 12:17:33.008"></status>
</kw>
<kw name="Set Variable" library="BuiltIn">
<doc>Returns the given values which can then be assigned to a variables.</doc>
<arguments>
<arg>Tester</arg>
</arguments>
<assign>
<var>${title}</var>
</assign>
<msg timestamp="20200628 12:17:33.009" level="INFO">${title} = Tester</msg>
<status status="PASS" starttime="20200628 12:17:33.008" endtime="20200628 12:17:33.009"></status>
</kw>
<kw name="Set Variable" library="BuiltIn">
<doc>Returns the given values which can then be assigned to a variables.</doc>
<arguments>
<arg>Hyderabad</arg>
</arguments>
<assign>
<var>${city}</var>
</assign>
<msg timestamp="20200628 12:17:33.009" level="INFO">${city} = Hyderabad</msg>
<status status="PASS" starttime="20200628 12:17:33.009" endtime="20200628 12:17:33.009"></status>
</kw>
<kw name="Log To Console" library="BuiltIn">
<doc>Logs the given message to the console.</doc>
<arguments>
<arg>My Name is ${name}. I am ${title}. I am from ${city}.</arg>
</arguments>
<status status="PASS" starttime="20200628 12:17:33.010" endtime="20200628 12:17:33.011"></status>
</kw>
<kw name="Set Variable" library="BuiltIn">
<doc>Returns the given values which can then be assigned to a variables.</doc>
<arguments>
<arg>Paul</arg>
</arguments>
<assign>
<var>${name}</var>
</assign>
<msg timestamp="20200628 12:17:33.011" level="INFO">${name} = Paul</msg>
<status status="PASS" starttime="20200628 12:17:33.011" endtime="20200628 12:17:33.011"></status>
</kw>
<kw name="Set Variable" library="BuiltIn">
<doc>Returns the given values which can then be assigned to a variables.</doc>
<arguments>
<arg>Mentor</arg>
</arguments>
<assign>
<var>${title}</var>
</assign>
<msg timestamp="20200628 12:17:33.012" level="INFO">${title} = Mentor</msg>
<status status="PASS" starttime="20200628 12:17:33.012" endtime="20200628 12:17:33.012"></status>
</kw>
<kw name="Set Variable" library="BuiltIn">
<doc>Returns the given values which can then be assigned to a variables.</doc>
<arguments>
<arg>London</arg>
</arguments>
<assign>
<var>${city}</var>
</assign>
<msg timestamp="20200628 12:17:33.013" level="INFO">${city} = London</msg>
<status status="PASS" starttime="20200628 12:17:33.013" endtime="20200628 12:17:33.013"></status>
</kw>
<kw name="Log To Console" library="BuiltIn">
<doc>Logs the given message to the console.</doc>
<arguments>
<arg>My Name is ${name}. I am ${title}. I am from ${city}.</arg>
</arguments>
<status status="PASS" starttime="20200628 12:17:33.013" endtime="20200628 12:17:33.014"></status>
</kw>
<status status="PASS" starttime="20200628 12:17:33.006" endtime="20200628 12:17:33.015" critical="yes"></status>
</test>
<status status="PASS" starttime="20200628 12:17:32.971" endtime="20200628 12:17:33.017"></status>
</suite>
<statistics>
<total>
<stat pass="1" fail="0">Critical Tests</stat>
<stat pass="1" fail="0">All Tests</stat>
</total>
<tag>
</tag>
<suite>
<stat pass="1" fail="0" id="s1" name="InlineVariables">InlineVariables</stat>
</suite>
</statistics>
<errors>
</errors>
</robot>
