<?xml version="1.0" encoding="UTF-8"?>
<robot generator="Robot 3.2.1 (Python 3.8.2 on win32)" generated="20200628 10:30:51.131" rpa="false">
<suite id="s1" name="CheckInvoiceManagerPage" source="C:\development\robot-scripts\robot-framework-testautomationu\Tests\Chapter5\CheckInvoiceManagerPage.robot">
<test id="s1-t1" name="Check Invoice Manager Page">
<kw name="Open Browser" library="SeleniumLibrary">
<doc>Opens a new browser instance to the optional ``url``.</doc>
<arguments>
<arg>http://34.225.240.91/#/</arg>
<arg>Chrome</arg>
</arguments>
<msg timestamp="20200628 10:30:51.462" level="INFO">Opening browser 'Chrome' to base url 'http://34.225.240.91/#/'.</msg>
<status status="PASS" starttime="20200628 10:30:51.461" endtime="20200628 10:30:58.090"></status>
</kw>
<kw name="Page Should Contain" library="SeleniumLibrary">
<doc>Verifies that current page contains ``text``.</doc>
<arguments>
<arg>Invoice Manager</arg>
</arguments>
<msg timestamp="20200628 10:30:58.128" level="INFO">Current page contains text 'Invoice Manager'.</msg>
<status status="PASS" starttime="20200628 10:30:58.091" endtime="20200628 10:30:58.129"></status>
</kw>
<kw name="Close Browser" library="SeleniumLibrary">
<doc>Closes the current browser.</doc>
<status status="PASS" starttime="20200628 10:30:58.130" endtime="20200628 10:31:00.366"></status>
</kw>
<status status="PASS" starttime="20200628 10:30:51.461" endtime="20200628 10:31:00.367" critical="yes"></status>
</test>
<status status="PASS" starttime="20200628 10:30:51.137" endtime="20200628 10:31:00.372"></status>
</suite>
<statistics>
<total>
<stat pass="1" fail="0">Critical Tests</stat>
<stat pass="1" fail="0">All Tests</stat>
</total>
<tag>
</tag>
<suite>
<stat pass="1" fail="0" id="s1" name="CheckInvoiceManagerPage">CheckInvoiceManagerPage</stat>
</suite>
</statistics>
<errors>
</errors>
</robot>
