<?xml version="1.0" encoding="UTF-8"?>
<robot generator="Robot 3.2.1 (Python 3.8.2 on win32)" generated="20200628 09:39:11.229" rpa="false">
<suite id="s1" name="CallingUserProfileKeyword" source="C:\development\robot-scripts\robot-framework-testautomationu\Tests\CallingUserProfileKeyword.robot">
<test id="s1-t1" name="My Test Case">
<kw name="Set Variable" library="BuiltIn">
<doc>Returns the given values which can then be assigned to a variables.</doc>
<arguments>
<arg>srini</arg>
</arguments>
<assign>
<var>${nickname}</var>
</assign>
<msg timestamp="20200628 09:39:11.267" level="INFO">${nickname} = srini</msg>
<status status="PASS" starttime="20200628 09:39:11.267" endtime="20200628 09:39:11.267"></status>
</kw>
<kw name="Print Profile">
<arguments>
<arg>${nickname}</arg>
<arg>Kadiyala</arg>
<arg>tester</arg>
<arg>srinivasskc</arg>
</arguments>
<kw name="Log To Console" library="BuiltIn">
<doc>Logs the given message to the console.</doc>
<arguments>
<arg>\n__My Profile__</arg>
</arguments>
<status status="PASS" starttime="20200628 09:39:11.268" endtime="20200628 09:39:11.268"></status>
</kw>
<kw name="Log To Console" library="BuiltIn">
<doc>Logs the given message to the console.</doc>
<arguments>
<arg>First Name: "${firstname}"</arg>
</arguments>
<status status="PASS" starttime="20200628 09:39:11.269" endtime="20200628 09:39:11.269"></status>
</kw>
<kw name="Log To Console" library="BuiltIn">
<doc>Logs the given message to the console.</doc>
<arguments>
<arg>Last Name: "${lastname}"</arg>
</arguments>
<status status="PASS" starttime="20200628 09:39:11.269" endtime="20200628 09:39:11.269"></status>
</kw>
<kw name="Log To Console" library="BuiltIn">
<doc>Logs the given message to the console.</doc>
<arguments>
<arg>Title: "${title}"</arg>
</arguments>
<status status="PASS" starttime="20200628 09:39:11.270" endtime="20200628 09:39:11.270"></status>
</kw>
<kw name="Log To Console" library="BuiltIn">
<doc>Logs the given message to the console.</doc>
<arguments>
<arg>Twitter Handle: "${twitterhandle}"</arg>
</arguments>
<status status="PASS" starttime="20200628 09:39:11.270" endtime="20200628 09:39:11.270"></status>
</kw>
<status status="PASS" starttime="20200628 09:39:11.267" endtime="20200628 09:39:11.271"></status>
</kw>
<kw name="Change Nickname">
<arguments>
<arg>${nickName}</arg>
<arg>Davie</arg>
</arguments>
<assign>
<var>${nickName}</var>
</assign>
<msg timestamp="20200628 09:39:11.272" level="INFO">${nickName} = Davie</msg>
<status status="PASS" starttime="20200628 09:39:11.271" endtime="20200628 09:39:11.272"></status>
</kw>
<kw name="Print Profile">
<arguments>
<arg>${nickname}</arg>
<arg>Kadiyala</arg>
<arg>tester</arg>
<arg>srinivasskc</arg>
</arguments>
<kw name="Log To Console" library="BuiltIn">
<doc>Logs the given message to the console.</doc>
<arguments>
<arg>\n__My Profile__</arg>
</arguments>
<status status="PASS" starttime="20200628 09:39:11.273" endtime="20200628 09:39:11.273"></status>
</kw>
<kw name="Log To Console" library="BuiltIn">
<doc>Logs the given message to the console.</doc>
<arguments>
<arg>First Name: "${firstname}"</arg>
</arguments>
<status status="PASS" starttime="20200628 09:39:11.273" endtime="20200628 09:39:11.274"></status>
</kw>
<kw name="Log To Console" library="BuiltIn">
<doc>Logs the given message to the console.</doc>
<arguments>
<arg>Last Name: "${lastname}"</arg>
</arguments>
<status status="PASS" starttime="20200628 09:39:11.274" endtime="20200628 09:39:11.274"></status>
</kw>
<kw name="Log To Console" library="BuiltIn">
<doc>Logs the given message to the console.</doc>
<arguments>
<arg>Title: "${title}"</arg>
</arguments>
<status status="PASS" starttime="20200628 09:39:11.275" endtime="20200628 09:39:11.275"></status>
</kw>
<kw name="Log To Console" library="BuiltIn">
<doc>Logs the given message to the console.</doc>
<arguments>
<arg>Twitter Handle: "${twitterhandle}"</arg>
</arguments>
<status status="PASS" starttime="20200628 09:39:11.275" endtime="20200628 09:39:11.275"></status>
</kw>
<status status="PASS" starttime="20200628 09:39:11.272" endtime="20200628 09:39:11.276"></status>
</kw>
<status status="PASS" starttime="20200628 09:39:11.266" endtime="20200628 09:39:11.276" critical="yes"></status>
</test>
<status status="PASS" starttime="20200628 09:39:11.234" endtime="20200628 09:39:11.277"></status>
</suite>
<statistics>
<total>
<stat pass="1" fail="0">Critical Tests</stat>
<stat pass="1" fail="0">All Tests</stat>
</total>
<tag>
</tag>
<suite>
<stat pass="1" fail="0" id="s1" name="CallingUserProfileKeyword">CallingUserProfileKeyword</stat>
</suite>
</statistics>
<errors>
</errors>
</robot>
