<?xml version="1.0" encoding="UTF-8"?>
<robot generator="Robot 3.2.1 (Python 3.8.2 on win32)" generated="20200628 16:07:57.757" rpa="false">
<suite id="s1" name="Homepage" source="C:\development\robot-scripts\robot-framework-testautomationu\Tests\TourInvoiceManager\homepage.robot">
<test id="s1-t1" name="Open Website">
<kw name="Open Browser" library="SeleniumLibrary">
<doc>Opens a new browser instance to the optional ``url``.</doc>
<arguments>
<arg>${url}</arg>
<arg>${browser}</arg>
</arguments>
<msg timestamp="20200628 16:07:58.279" level="INFO">Opening browser 'Chrome' to base url 'http://34.225.240.91/'.</msg>
<status status="PASS" starttime="20200628 16:07:58.279" endtime="20200628 16:08:03.189"></status>
</kw>
<kw name="Set Selenium Speed" library="SeleniumLibrary">
<doc>Sets the delay that is waited after each Selenium command.</doc>
<arguments>
<arg>.3s</arg>
</arguments>
<status status="PASS" starttime="20200628 16:08:03.190" endtime="20200628 16:08:03.191"></status>
</kw>
<kw name="Maximize Browser Window" library="SeleniumLibrary">
<doc>Maximizes current browser window.</doc>
<status status="PASS" starttime="20200628 16:08:03.192" endtime="20200628 16:08:04.643"></status>
</kw>
<kw name="Page Should Contain" library="SeleniumLibrary">
<doc>Verifies that current page contains ``text``.</doc>
<arguments>
<arg>${website_heading}</arg>
</arguments>
<msg timestamp="20200628 16:08:05.267" level="INFO">Current page contains text 'JohnDoe'.</msg>
<status status="PASS" starttime="20200628 16:08:04.643" endtime="20200628 16:08:05.267"></status>
</kw>
<status status="PASS" starttime="20200628 16:07:58.278" endtime="20200628 16:08:05.268" critical="yes"></status>
</test>
<test id="s1-t2" name="Navigate to Add Invoice">
<kw name="Click Element" library="SeleniumLibrary">
<doc>Click the element identified by ``locator``.</doc>
<arguments>
<arg>${add_invoice_menu}</arg>
</arguments>
<msg timestamp="20200628 16:08:05.277" level="INFO">Clicking element '//a[contains(text(),"Add Invoice")]'.</msg>
<status status="PASS" starttime="20200628 16:08:05.276" endtime="20200628 16:08:05.974"></status>
</kw>
<kw name="Page Should Contain" library="SeleniumLibrary">
<doc>Verifies that current page contains ``text``.</doc>
<arguments>
<arg>${invoice_manager_heading}</arg>
</arguments>
<msg timestamp="20200628 16:08:06.604" level="INFO">Current page contains text 'Invoice Manager'.</msg>
<status status="PASS" starttime="20200628 16:08:05.975" endtime="20200628 16:08:06.604"></status>
</kw>
<kw name="Input Text" library="SeleniumLibrary">
<doc>Types the given ``text`` into the text field identified by ``locator``.</doc>
<arguments>
<arg>${invoice_num}</arg>
<arg>${input_invoicenum}</arg>
</arguments>
<msg timestamp="20200628 16:08:06.606" level="INFO">Typing text 'I123457' into text field '//input[@placeholder='Enter invoice number']'.</msg>
<status status="PASS" starttime="20200628 16:08:06.605" endtime="20200628 16:08:07.683"></status>
</kw>
<kw name="Input Text" library="SeleniumLibrary">
<doc>Types the given ``text`` into the text field identified by ``locator``.</doc>
<arguments>
<arg>${company_name}</arg>
<arg>${enter_company_name}</arg>
</arguments>
<msg timestamp="20200628 16:08:07.684" level="INFO">Typing text 'Uniliver' into text field '//input[@placeholder='Enter company name']'.</msg>
<status status="PASS" starttime="20200628 16:08:07.684" endtime="20200628 16:08:08.721"></status>
</kw>
<kw name="Input Text" library="SeleniumLibrary">
<doc>Types the given ``text`` into the text field identified by ``locator``.</doc>
<arguments>
<arg>${work_type}</arg>
<arg>${enter_work_type}</arg>
</arguments>
<msg timestamp="20200628 16:08:08.723" level="INFO">Typing text 'Temporary' into text field '//input[@placeholder='Enter type of work']'.</msg>
<status status="PASS" starttime="20200628 16:08:08.722" endtime="20200628 16:08:09.762"></status>
</kw>
<kw name="Input Text" library="SeleniumLibrary">
<doc>Types the given ``text`` into the text field identified by ``locator``.</doc>
<arguments>
<arg>${cost_amount}</arg>
<arg>${enter_cost_amount}</arg>
</arguments>
<msg timestamp="20200628 16:08:09.763" level="INFO">Typing text '100' into text field '//input[@placeholder='Enter cost']'.</msg>
<status status="PASS" starttime="20200628 16:08:09.762" endtime="20200628 16:08:10.765"></status>
</kw>
<kw name="Select From List By Value" library="SeleniumLibrary">
<doc>Selects options from selection list ``locator`` by ``values``.</doc>
<arguments>
<arg>${select_value_list}</arg>
<arg>${select_value}</arg>
</arguments>
<msg timestamp="20200628 16:08:10.766" level="INFO">Selecting options from selection list '//select[@id='selectStatus']' by value Paid.</msg>
<status status="PASS" starttime="20200628 16:08:10.766" endtime="20200628 16:08:12.952"></status>
</kw>
<kw name="Input Text" library="SeleniumLibrary">
<doc>Types the given ``text`` into the text field identified by ``locator``.</doc>
<arguments>
<arg>${input_date}</arg>
<arg>${enter_date}</arg>
</arguments>
<msg timestamp="20200628 16:08:12.953" level="INFO">Typing text '2020-06-30' into text field '//input[@placeholder='yyyy-mm-dd']'.</msg>
<status status="PASS" starttime="20200628 16:08:12.952" endtime="20200628 16:08:14.003"></status>
</kw>
<kw name="Input Text" library="SeleniumLibrary">
<doc>Types the given ``text`` into the text field identified by ``locator``.</doc>
<arguments>
<arg>${input_desc}</arg>
<arg>${enter_desc}</arg>
</arguments>
<msg timestamp="20200628 16:08:14.004" level="INFO">Typing text 'Test Automation University' into text field '//input[@name='comment']'.</msg>
<status status="PASS" starttime="20200628 16:08:14.004" endtime="20200628 16:08:15.163"></status>
</kw>
<kw name="Click Button" library="SeleniumLibrary">
<doc>Clicks the button identified by ``locator``.</doc>
<arguments>
<arg>${create_button}</arg>
</arguments>
<msg timestamp="20200628 16:08:15.164" level="INFO">Clicking button '//button[@id='createButton']'.</msg>
<status status="PASS" starttime="20200628 16:08:15.164" endtime="20200628 16:08:16.768"></status>
</kw>
<status status="PASS" starttime="20200628 16:08:05.271" endtime="20200628 16:08:16.769" critical="yes"></status>
</test>
<test id="s1-t3" name="Navigate to Invoices">
<kw name="Click Element" library="SeleniumLibrary">
<doc>Click the element identified by ``locator``.</doc>
<arguments>
<arg>${invoices_menu}</arg>
</arguments>
<msg timestamp="20200628 16:08:16.773" level="INFO">Clicking element '//a[contains(text(),'Invoices')]'.</msg>
<status status="PASS" starttime="20200628 16:08:16.773" endtime="20200628 16:08:17.457"></status>
</kw>
<kw name="Page Should Contain" library="SeleniumLibrary">
<doc>Verifies that current page contains ``text``.</doc>
<arguments>
<arg>${input_invoicenum}</arg>
</arguments>
<msg timestamp="20200628 16:08:18.091" level="INFO">Current page contains text 'I123457'.</msg>
<status status="PASS" starttime="20200628 16:08:17.458" endtime="20200628 16:08:18.091"></status>
</kw>
<kw name="Click Link" library="SeleniumLibrary">
<doc>Clicks a link identified by ``locator``.</doc>
<arguments>
<arg>${click_invoice}</arg>
</arguments>
<msg timestamp="20200628 16:08:18.094" level="INFO">Clicking link '//a[contains(text(),'I12345')]'.</msg>
<status status="PASS" starttime="20200628 16:08:18.093" endtime="20200628 16:08:19.734"></status>
</kw>
<kw name="Capture Page Screenshot" library="SeleniumLibrary">
<doc>Takes a screenshot of the current page and embeds it into a log file.</doc>
<arguments>
<arg>invoice-screenshot-01.png</arg>
</arguments>
<msg timestamp="20200628 16:08:20.415" level="INFO" html="yes">&lt;/td&gt;&lt;/tr&gt;&lt;tr&gt;&lt;td colspan="3"&gt;&lt;a href="invoice-screenshot-01.png"&gt;&lt;img src="invoice-screenshot-01.png" width="800px"&gt;&lt;/a&gt;</msg>
<status status="PASS" starttime="20200628 16:08:19.735" endtime="20200628 16:08:20.415"></status>
</kw>
<status status="PASS" starttime="20200628 16:08:16.772" endtime="20200628 16:08:20.417" critical="yes"></status>
</test>
<kw name="Close All Browsers" library="SeleniumLibrary" type="teardown">
<doc>Closes all open browsers and resets the browser cache.</doc>
<status status="PASS" starttime="20200628 16:08:20.436" endtime="20200628 16:08:22.844"></status>
</kw>
<status status="PASS" starttime="20200628 16:07:57.765" endtime="20200628 16:08:22.845"></status>
</suite>
<statistics>
<total>
<stat pass="3" fail="0">Critical Tests</stat>
<stat pass="3" fail="0">All Tests</stat>
</total>
<tag>
</tag>
<suite>
<stat pass="3" fail="0" id="s1" name="Homepage">Homepage</stat>
</suite>
</statistics>
<errors>
</errors>
</robot>
