<?xml version="1.0" encoding="UTF-8"?>
<robot generator="Robot 3.2.1 (Python 3.8.2 on win32)" generated="20200627 05:28:23.771" rpa="false">
<suite id="s1" name="CreateInvoice" source="C:\development\robot-scripts\robot-framework-testautomationu\Tests\CreateInvoice.robot">
<test id="s1-t1" name="Create an Invoice">
<kw name="Comment" library="BuiltIn">
<doc>Displays the given messages in the log file as keyword arguments.</doc>
<arguments>
<arg>This is my first robot framework test case!</arg>
</arguments>
<status status="PASS" starttime="20200627 05:28:24.126" endtime="20200627 05:28:24.126"></status>
</kw>
<kw name="Open Browser" library="SeleniumLibrary">
<doc>Opens a new browser instance to the optional ``url``.</doc>
<arguments>
<arg>http://34.225.240.91/</arg>
<arg>chrome</arg>
</arguments>
<msg timestamp="20200627 05:28:24.127" level="INFO">Opening browser 'chrome' to base url 'http://34.225.240.91/'.</msg>
<status status="PASS" starttime="20200627 05:28:24.127" endtime="20200627 05:28:28.990"></status>
</kw>
<status status="PASS" starttime="20200627 05:28:24.125" endtime="20200627 05:28:28.991" critical="yes"></status>
</test>
<status status="PASS" starttime="20200627 05:28:23.777" endtime="20200627 05:28:28.997"></status>
</suite>
<statistics>
<total>
<stat pass="1" fail="0">Critical Tests</stat>
<stat pass="1" fail="0">All Tests</stat>
</total>
<tag>
</tag>
<suite>
<stat pass="1" fail="0" id="s1" name="CreateInvoice">CreateInvoice</stat>
</suite>
</statistics>
<errors>
</errors>
</robot>
