<?xml version="1.0" encoding="UTF-8"?>
<robot generator="Robot 3.2.1 (Python 3.8.2 on win32)" generated="20200627 05:34:44.513" rpa="false">
<suite id="s1" name="CallingKeywordsInTests" source="C:\development\robot-scripts\robot-framework-testautomationu\Tests\CallingKeywordsInTests.robot">
<test id="s1-t1" name="Calling Keywords from Keywords Section">
<kw name="my keyword">
<kw name="Comment" library="BuiltIn">
<doc>Displays the given messages in the log file as keyword arguments.</doc>
<arguments>
<arg>This is my keyword</arg>
</arguments>
<status status="PASS" starttime="20200627 05:34:44.553" endtime="20200627 05:34:44.553"></status>
</kw>
<status status="PASS" starttime="20200627 05:34:44.552" endtime="20200627 05:34:44.553"></status>
</kw>
<status status="PASS" starttime="20200627 05:34:44.552" endtime="20200627 05:34:44.553" critical="yes"></status>
</test>
<status status="PASS" starttime="20200627 05:34:44.520" endtime="20200627 05:34:44.557"></status>
</suite>
<statistics>
<total>
<stat pass="1" fail="0">Critical Tests</stat>
<stat pass="1" fail="0">All Tests</stat>
</total>
<tag>
</tag>
<suite>
<stat pass="1" fail="0" id="s1" name="CallingKeywordsInTests">CallingKeywordsInTests</stat>
</suite>
</statistics>
<errors>
</errors>
</robot>
