<?xml version="1.0" encoding="UTF-8"?>
<robot generator="Robot 3.2.1 (Python 3.8.2 on win32)" generated="20200628 12:39:06.596" rpa="false">
<suite id="s1" name="InvoiceManagerUsingVariables" source="C:\development\robot-scripts\robot-framework-testautomationu\Tests\Chapter7\InvoiceManagerUsingVariables.robot">
<test id="s1-t1" name="Check Invoice Manager Page">
<kw name="Open Browser" library="SeleniumLibrary">
<doc>Opens a new browser instance to the optional ``url``.</doc>
<arguments>
<arg>${url}</arg>
<arg>${browser}</arg>
</arguments>
<msg timestamp="20200628 12:39:06.954" level="INFO">Opening browser 'Chrome' to base url 'http://34.225.240.91/'.</msg>
<status status="PASS" starttime="20200628 12:39:06.954" endtime="20200628 12:39:11.912"></status>
</kw>
<kw name="Page Should Contain" library="SeleniumLibrary">
<doc>Verifies that current page contains ``text``.</doc>
<arguments>
<arg>${invoice_manager_heading}</arg>
</arguments>
<msg timestamp="20200628 12:39:11.932" level="INFO">Current page contains text 'Invoice Manager'.</msg>
<status status="PASS" starttime="20200628 12:39:11.913" endtime="20200628 12:39:11.932"></status>
</kw>
<kw name="Close Browser" library="SeleniumLibrary">
<doc>Closes the current browser.</doc>
<status status="PASS" starttime="20200628 12:39:11.933" endtime="20200628 12:39:14.892"></status>
</kw>
<status status="PASS" starttime="20200628 12:39:06.953" endtime="20200628 12:39:14.893" critical="yes"></status>
</test>
<status status="PASS" starttime="20200628 12:39:06.602" endtime="20200628 12:39:14.912"></status>
</suite>
<statistics>
<total>
<stat pass="1" fail="0">Critical Tests</stat>
<stat pass="1" fail="0">All Tests</stat>
</total>
<tag>
</tag>
<suite>
<stat pass="1" fail="0" id="s1" name="InvoiceManagerUsingVariables">InvoiceManagerUsingVariables</stat>
</suite>
</statistics>
<errors>
</errors>
</robot>
